<?xml version="1.0" encoding="UTF-8"?>
<testsuites name="VS" time="87.86" tests="1" failures="0" errors="0">
   <testsuite name="VS" tests="1" failures="0" errors="0" time="87.86" skipped="0" timestamp="2023-06-23 18:57:48" hostname="kavitabhatt - 192.168.1.2" id="Test Suites/VS">
      <properties>
         <property name="deviceName" value=""/>
         <property name="devicePlatform" value=""/>
         <property name="logFolder" value="/Users/kavitabhatt/git/Ewing/Reports/20230623_185735/VS/20230623_185736"/>
         <property name="logFiles" value="/Users/kavitabhatt/git/Ewing/Reports/20230623_185735/VS/20230623_185736/execution0.log"/>
         <property name="attachments" value="keyes/keyes-VS2.png"/>
         <property name="hostName" value="kavitabhatt - 192.168.1.2"/>
         <property name="os" value="Mac OS X 64bit"/>
         <property name="katalonVersion" value="8.5.4.208"/>
         <property name="browser" value="Chrome 114.0.0.0"/>
         <property name="hostAddress" value="192.168.1.2"/>
         <property name="sessionId" value="53962dee1881f12ae65759ec2cbc1931"/>
         <property name="seleniumVersion" value="3.141.59"/>
         <property name="proxyInformation" value="ProxyInformation { proxyOption=NO_PROXY, proxyServerType=HTTP, username=, password=********, proxyServerAddress=, proxyServerPort=0, executionList=&quot;&quot;, isApplyToDesiredCapabilities=true }"/>
         <property name="platform" value="Mac OS X"/>
      </properties>
      <testcase name="Test Cases/Salesforce" time="87.44" classname="Test Cases/Salesforce" status="PASSED">
         <system-out><![CDATA[2023-06-23 18:57:49 - [TEST_CASE][PASSED] - Test Cases/Salesforce: Test Cases/Salesforce

2023-06-23 18:57:49 - [TEST_STEP][PASSED] - openBrowser(""): Browser is opened with url: ''

2023-06-23 18:57:49 - [MESSAGE][INFO] - Starting 'Chrome' driver

2023-06-23 18:57:49 - [MESSAGE][INFO] - Action delay is set to 0 milliseconds

2023-06-23 18:57:57 - [MESSAGE][PASSED] - Browser is opened with url: ''

2023-06-23 18:57:57 - [TEST_STEP][PASSED] - navigateToUrl("https://www.salesforce.com/in/?ir=1"): Navigate to 'https://www.salesforce.com/in/?ir=1' successfully

2023-06-23 18:58:31 - [MESSAGE][PASSED] - Navigate to 'https://www.salesforce.com/in/?ir=1' successfully

2023-06-23 18:58:31 - [TEST_STEP][PASSED] - takeFullPageScreenshotAsCheckpoint("VS2"): Taking screenshot successfully

2023-06-23 18:59:13 - [MESSAGE][INFO] - 0 hidden object(s)

2023-06-23 18:59:16 - [MESSAGE][PASSED] - Taking screenshot successfully
[[ATTACHMENT|keyes/keyes-VS2.png]]

2023-06-23 18:59:16 - [TEST_STEP][PASSED] - closeBrowser(): Browser is closed

2023-06-23 18:59:16 - [MESSAGE][PASSED] - Browser is closed]]></system-out>
         <system-err><![CDATA[]]></system-err>
      </testcase>
      <system-out><![CDATA[2023-06-23 18:57:48 - [TEST_SUITE][PASSED] - VS: Test Cases/Salesforce]]></system-out>
      <system-err><![CDATA[]]></system-err>
   </testsuite>
</testsuites>
